<?xml version="1.0" encoding="UTF-8"?>
<testsuite name="Testes do RespostaDTO" tests="2" skipped="0" failures="0" errors="0" timestamp="2026-04-09T19:31:49.631Z" hostname="NB-608211" time="0.012">
  <properties/>
  <testcase name="Deve criar resposta de sucesso" classname="br.com.banksystem.transacoes.dto.RespostaDTOTest" time="0.008"/>
  <testcase name="Deve criar resposta de erro" classname="br.com.banksystem.transacoes.dto.RespostaDTOTest" time="0.002"/>
  <system-out><![CDATA[]]></system-out>
  <system-err><![CDATA[]]></system-err>
</testsuite>
