<?xml version="1.0" encoding="UTF-8"?>
<testsuite name="Testes do DebitoDTO" tests="3" skipped="0" failures="0" errors="0" timestamp="2026-04-09T19:31:49.428Z" hostname="NB-608211" time="0.04">
  <properties/>
  <testcase name="Deve rejeitar valor nulo" classname="br.com.banksystem.transacoes.dto.DebitoDTOTest" time="0.027"/>
  <testcase name="Deve aceitar DTO válido" classname="br.com.banksystem.transacoes.dto.DebitoDTOTest" time="0.003"/>
  <testcase name="Deve rejeitar valor menor que o mínimo" classname="br.com.banksystem.transacoes.dto.DebitoDTOTest" time="0.004"/>
  <system-out><![CDATA[]]></system-out>
  <system-err><![CDATA[]]></system-err>
</testsuite>
