<?xml version="1.0" encoding="UTF-8"?>
<testsuite name="Testes do TransacaoDTO" tests="2" skipped="0" failures="0" errors="0" timestamp="2026-04-09T19:27:15.578Z" hostname="NB-608211" time="0.007">
  <properties/>
  <testcase name="Deve aceitar valores nulos" classname="br.com.banksystem.extratos.dto.TransacaoDTOTest" time="0.004"/>
  <testcase name="Deve criar record e retornar valores corretamente" classname="br.com.banksystem.extratos.dto.TransacaoDTOTest" time="0.002"/>
  <system-out><![CDATA[]]></system-out>
  <system-err><![CDATA[]]></system-err>
</testsuite>
