<?xml version="1.0" encoding="UTF-8"?>
<testsuite name="Testes do RespostaDTO" tests="3" skipped="0" failures="0" errors="0" timestamp="2026-04-09T19:27:15.567Z" hostname="NB-608211" time="0.008">
  <properties/>
  <testcase name="Deve criar record manualmente" classname="br.com.banksystem.extratos.dto.RespostaDTOTest" time="0.004"/>
  <testcase name="Deve criar resposta de sucesso corretamente" classname="br.com.banksystem.extratos.dto.RespostaDTOTest" time="0.001"/>
  <testcase name="Deve criar resposta de erro corretamente" classname="br.com.banksystem.extratos.dto.RespostaDTOTest" time="0.001"/>
  <system-out><![CDATA[]]></system-out>
  <system-err><![CDATA[]]></system-err>
</testsuite>
