<?xml version="1.0" encoding="UTF-8"?>
<testsuite name="br.com.banksystem.contas.service.EmailServiceTest" tests="4" skipped="0" failures="0" errors="0" timestamp="2026-04-09T19:17:25.947Z" hostname="NB-608211" time="0.239">
  <properties/>
  <testcase name="deveEnviarEmailDeVerificacaoComSucesso()" classname="br.com.banksystem.contas.service.EmailServiceTest" time="0.214"/>
  <testcase name="deveLancarRuntimeExceptionQuandoFalharAoEnviarEmailDeVerificacao()" classname="br.com.banksystem.contas.service.EmailServiceTest" time="0.003"/>
  <testcase name="deveEnviarNotificacaoDeTransferenciaComSucesso()" classname="br.com.banksystem.contas.service.EmailServiceTest" time="0.014"/>
  <testcase name="devePropagarRuntimeExceptionQuandoFalharAoEnviarNotificacaoDeTransferencia()" classname="br.com.banksystem.contas.service.EmailServiceTest" time="0.005"/>
  <system-out><![CDATA[16:17:26.161 [Test worker] INFO br.com.banksystem.contas.service.EmailService -- E-mail de verificação enviado para: joao@email.com
16:17:26.180 [Test worker] INFO br.com.banksystem.contas.service.EmailService -- Notificação de transferência enviada para: maria@email.com
]]></system-out>
  <system-err><![CDATA[]]></system-err>
</testsuite>
